This is LuaTeX, Version 0.95.0 (TeX Live 2016/Arch Linux)  (format=lualatex 2016.9.5)  19 SEP 2016 17:16
 restricted system commands enabled.
 file:line:error style messages enabled.
**\input main.tex
(./main.tex (/usr/share/texmf-dist/tex/latex/base/article.cls
Document Class: article 2014/09/29 v1.4h Standard LaTeX document class
(/usr/share/texmf-dist/tex/latex/base/size10.clo
File: size10.clo 2014/09/29 v1.4h Standard LaTeX file (size option)
)
\c@part=\count79
\c@section=\count80
\c@subsection=\count81
\c@subsubsection=\count82
\c@paragraph=\count83
\c@subparagraph=\count84
\c@figure=\count85
\c@table=\count86
\abovecaptionskip=\skip41
\belowcaptionskip=\skip42
\bibindent=\dimen102
)
(/usr/share/texmf-dist/tex/latex/amsmath/amsmath.sty
Package: amsmath 2016/06/28 v2.15d AMS math features
\@mathmargin=\skip43

For additional information on amsmath, use the `?' option.
(/usr/share/texmf-dist/tex/latex/amsmath/amstext.sty
Package: amstext 2000/06/29 v2.01 AMS text

(/usr/share/texmf-dist/tex/latex/amsmath/amsgen.sty
File: amsgen.sty 1999/11/30 v2.0 generic functions
\@emptytoks=\toks14
\ex@=\dimen103
))
(/usr/share/texmf-dist/tex/latex/amsmath/amsbsy.sty
Package: amsbsy 1999/11/29 v1.2d Bold Symbols
\pmbraise@=\dimen104
)
(/usr/share/texmf-dist/tex/latex/amsmath/amsopn.sty
Package: amsopn 2016/03/08 v2.02 operator names
)
\inf@bad=\count87
LaTeX Info: Redefining \frac on input line 199.
\uproot@=\count88
\leftroot@=\count89
LaTeX Info: Redefining \overline on input line 297.
\classnum@=\count90
\DOTSCASE@=\count91
LaTeX Info: Redefining \ldots on input line 394.
LaTeX Info: Redefining \dots on input line 397.
LaTeX Info: Redefining \cdots on input line 518.
\Mathstrutbox@=\box26
\strutbox@=\box27
\big@size=\dimen105
LaTeX Font Info:    Redeclaring font encoding OML on input line 634.
LaTeX Font Info:    Redeclaring font encoding OMS on input line 635.
\macc@depth=\count92
\c@MaxMatrixCols=\count93
\dotsspace@=\muskip10
\c@parentequation=\count94
\dspbrk@lvl=\count95
\tag@help=\toks15
\row@=\count96
\column@=\count97
\maxfields@=\count98
\andhelp@=\toks16
\eqnshift@=\dimen106
\alignsep@=\dimen107
\tagshift@=\dimen108
\tagwidth@=\dimen109
\totwidth@=\dimen110
\lineht@=\dimen111
\@envbody=\toks17
\multlinegap=\skip44
\multlinetaggap=\skip45
\mathdisplay@stack=\toks18
LaTeX Info: Redefining \[ on input line 2739.
LaTeX Info: Redefining \] on input line 2740.
)
(/usr/share/texmf-dist/tex/latex/amscls/amsthm.sty
Package: amsthm 2015/03/04 v2.20.2
\thm@style=\toks19
\thm@bodyfont=\toks20
\thm@headfont=\toks21
\thm@notefont=\toks22
\thm@headpunct=\toks23
\thm@preskip=\skip46
\thm@postskip=\skip47
\thm@headsep=\skip48
\dth@everypar=\toks24
)
(/usr/share/texmf-dist/tex/latex/amsfonts/amssymb.sty
Package: amssymb 2013/01/14 v3.01 AMS font symbols

(/usr/share/texmf-dist/tex/latex/amsfonts/amsfonts.sty
Package: amsfonts 2013/01/14 v3.01 Basic AMSFonts support
\symAMSa=\mathgroup4
\symAMSb=\mathgroup5
LaTeX Font Info:    Overwriting math alphabet `\mathfrak' in version `bold'
(Font)                  U/euf/m/n --> U/euf/b/n on input line 106.
))
(/usr/share/texmf-dist/tex/latex/fontspec/fontspec.sty
(/usr/share/texmf-dist/tex/latex/l3kernel/expl3.sty
Package: expl3 2016/05/18 v6512 L3 programming layer (loader) 

(/usr/share/texmf-dist/tex/latex/l3kernel/expl3-code.tex
Package: expl3 2016/05/18 v6512 L3 programming layer (code)
L3 Module: l3bootstrap 2016/02/12 v6412 L3 Bootstrap code
\ucharcat@table=\catcodetable5
L3 Module: l3names 2016/03/11 v6433 L3 Namespace for primitives
L3 Module: l3basics 2015/11/22 v6315 L3 Basic definitions
L3 Module: l3expan 2015/09/10 v5983 L3 Argument expansion
L3 Module: l3tl 2016/03/26 v6465 L3 Token lists
L3 Module: l3str 2016/03/24 v6441 L3 Strings
L3 Module: l3seq 2015/08/05 v5777 L3 Sequences and stacks
L3 Module: l3int 2016/03/24 v6441 L3 Integers
\c_max_int=\count99
\l_tmpa_int=\count100
\l_tmpb_int=\count101
\g_tmpa_int=\count102
\g_tmpb_int=\count103
L3 Module: l3quark 2015/08/17 v5855 L3 Quarks
L3 Module: l3prg 2015/11/01 v6216 L3 Control structures
\g__prg_map_int=\count104
L3 Module: l3clist 2015/09/02 v5901 L3 Comma separated lists
L3 Module: l3token 2016/04/03 v6470 L3 Experimental token manipulation
L3 Module: l3prop 2016/01/05 v6366 L3 Property lists
L3 Module: l3msg 2016/03/26 v6464 L3 Messages
L3 Module: l3file 2016/03/25 v6458 L3 File and I/O operations
\l_iow_line_count_int=\count105
\l__iow_target_count_int=\count106
\l__iow_current_line_int=\count107
\l__iow_current_word_int=\count108
\l__iow_current_indentation_int=\count109
L3 Module: l3skip 2016/01/05 v6366 L3 Dimensions and skips
\c_zero_dim=\dimen112
\c_max_dim=\dimen113
\l_tmpa_dim=\dimen114
\l_tmpb_dim=\dimen115
\g_tmpa_dim=\dimen116
\g_tmpb_dim=\dimen117
\c_zero_skip=\skip49
\c_max_skip=\skip50
\l_tmpa_skip=\skip51
\l_tmpb_skip=\skip52
\g_tmpa_skip=\skip53
\g_tmpb_skip=\skip54
\c_zero_muskip=\muskip11
\c_max_muskip=\muskip12
\l_tmpa_muskip=\muskip13
\l_tmpb_muskip=\muskip14
\g_tmpa_muskip=\muskip15
\g_tmpb_muskip=\muskip16
L3 Module: l3keys 2015/11/17 v6284 L3 Key-value interfaces
\g__keyval_level_int=\count110
\l_keys_choice_int=\count111
L3 Module: l3fp 2016/03/26 v6465 L3 Floating points
\c__fp_leading_shift_int=\count112
\c__fp_middle_shift_int=\count113
\c__fp_trailing_shift_int=\count114
\c__fp_big_leading_shift_int=\count115
\c__fp_big_middle_shift_int=\count116
\c__fp_big_trailing_shift_int=\count117
\c__fp_Bigg_leading_shift_int=\count118
\c__fp_Bigg_middle_shift_int=\count119
\c__fp_Bigg_trailing_shift_int=\count120
L3 Module: l3box 2015/08/09 v5822 L3 Experimental boxes
\c_empty_box=\box28
\l_tmpa_box=\box29
\l_tmpb_box=\box30
\g_tmpa_box=\box31
\g_tmpb_box=\box32
L3 Module: l3coffins 2016/05/17 v6508 L3 Coffin code layer
\l__coffin_internal_box=\box33
\l__coffin_internal_dim=\dimen118
\l__coffin_offset_x_dim=\dimen119
\l__coffin_offset_y_dim=\dimen120
\l__coffin_x_dim=\dimen121
\l__coffin_y_dim=\dimen122
\l__coffin_x_prime_dim=\dimen123
\l__coffin_y_prime_dim=\dimen124
\c_empty_coffin=\box34
\l__coffin_aligned_coffin=\box35
\l__coffin_aligned_internal_coffin=\box36
\l_tmpa_coffin=\box37
\l_tmpb_coffin=\box38
\l__coffin_display_coffin=\box39
\l__coffin_display_coord_coffin=\box40
\l__coffin_display_pole_coffin=\box41
\l__coffin_display_offset_dim=\dimen125
\l__coffin_display_x_dim=\dimen126
\l__coffin_display_y_dim=\dimen127
L3 Module: l3color 2014/08/23 v5354 L3 Experimental color support
L3 Module: l3sys 2015/09/25 v6087 L3 Experimental system/runtime functions
L3 Module: l3candidates 2016/05/13 v6484 L3 Experimental additions to l3kernel
\l__box_top_dim=\dimen128
\l__box_bottom_dim=\dimen129
\l__box_left_dim=\dimen130
\l__box_right_dim=\dimen131
\l__box_top_new_dim=\dimen132
\l__box_bottom_new_dim=\dimen133
\l__box_left_new_dim=\dimen134
\l__box_right_new_dim=\dimen135
\l__box_internal_box=\box42
\l__coffin_bounding_shift_dim=\dimen136
\l__coffin_left_corner_dim=\dimen137
\l__coffin_right_corner_dim=\dimen138
\l__coffin_bottom_corner_dim=\dimen139
\l__coffin_top_corner_dim=\dimen140
\l__coffin_scaled_total_height_dim=\dimen141
\l__coffin_scaled_width_dim=\dimen142
L3 Module: l3luatex 2016/03/26 v6465 L3 Experimental LuaTeX-specific functions
)
(/usr/share/texmf-dist/tex/latex/l3kernel/l3pdfmode.def
File: l3pdfmode.def 2016/03/26 v6465 L3 Experimental driver: PDF mode
\l__driver_color_stack_int=\count121
\l__driver_tmp_box=\box43
))
(/usr/share/texmf-dist/tex/latex/l3packages/xparse/xparse.sty
Package: xparse 2016/05/18 v6512 L3 Experimental document command parser
\l__xparse_current_arg_int=\count122
\l__xparse_m_args_int=\count123
\l__xparse_mandatory_args_int=\count124
\l__xparse_processor_int=\count125
\l__xparse_v_nesting_int=\count126
)
Package: fontspec 2016/02/01 v2.5a Font selection for XeLaTeX and LuaLaTeX

(/usr/share/texmf-dist/tex/luatex/luaotfload/luaotfload.sty
Package: luaotfload 2016/06/16 v2.7 OpenType layout system
Lua module: luaotfload-main 2016/06/16 2.70003 OpenType layout system.
Lua module: lualibs 2016-04-06 2.4 ConTeXt Lua standard libraries.
Lua module: lualibs-extended 2016-04-06 2.4 ConTeXt Lua libraries -- extended co
llection.(using write cache: /home/pece/.texlive/texmf-var/luatex-cache/generic)
(using read cache: /var/lib/texmf/luatex-cache/generic /home/pece/.texlive/texmf
-var/luatex-cache/generic)
luaotfload | conf : Root cache directory is /home/pece/.texlive/texmf-var/luatex
-cache/generic/names.
luaotfload | init : Loading fontloader “fontloader-2016-06-16.lua” from kpse
-resolved path “/usr/share/texmf-dist/tex/luatex/luaotfload/fontloader-2016-06
-16.lua”.
Lua-only attribute luaotfload@state = 1
Lua-only attribute luaotfload@noligature = 2
Lua-only attribute luaotfload@syllabe = 3
luaotfload | init : Context OpenType loader version “3.023”
Inserting `luaotfload.node_processor' at position 1 in `pre_linebreak_filter'.
Inserting `luaotfload.node_processor' at position 1 in `hpack_filter'.
Inserting `luaotfload.define_font' at position 1 in `define_font'.
Lua-only attribute luaotfload_color_attribute = 4
luaotfload | conf : Root cache directory is /home/pece/.texlive/texmf-var/luatex
-cache/generic/names.
Inserting `luaotfload.aux.set_sscale_dimens' at position 1 in `luaotfload.patch_
font'.
Inserting `luaotfload.aux.patch_cambria_domh' at position 2 in `luaotfload.patch
_font'.
Inserting `luaotfload.aux.fixup_fontdata' at position 1 in `luaotfload.patch_fon
t_unsafe'.
Inserting `luaotfload.aux.set_capheight' at position 3 in `luaotfload.patch_font
'.
Inserting `luaotfload.rewrite_fontname' at position 4 in `luaotfload.patch_font'
.
luaotfload | main : initialization completed in 0.079 seconds)
Lua module: fontspec 2016/02/01 2.5a Advanced font selection for LuaLaTeX. (/us
r/share/texmf-dist/tex/latex/fontspec/fontspec-luatex.sty
Package: fontspec-luatex 2016/02/01 v2.5a Font selection for XeLaTeX and LuaLaTe
X
\l_fontspec_script_int=\count127
\l_fontspec_language_int=\count128
\l_fontspec_strnum_int=\count129
\l__fontspec_tmpa_dim=\dimen143
\l__fontspec_tmpb_dim=\dimen144
\l__fontspec_tmpc_dim=\dimen145
\g__file_internal_ior=\read1

(/usr/share/texmf-dist/tex/latex/base/fontenc.sty
Package: fontenc 2016/06/19 v1.99m Standard LaTeX package

(/usr/share/texmf-dist/tex/latex/euenc/eu2enc.def
File: eu2enc.def 2010/05/27 v0.1h Experimental Unicode font encodings
)
LaTeX Font Info:    Try loading font information for EU2+lmr on input line 105.

(/usr/share/texmf-dist/tex/latex/euenc/eu2lmr.fd
File: eu2lmr.fd 2009/10/30 v1.6 Font defs for Latin Modern
)
luaotfload | db : Font names database loaded from /home/pece/.texlive/texmf-var/
luatex-cache/generic/names/luaotfload-names.luc(compiling luc: /var/lib/texmf/lu
atex-cache/generic/fonts/otl/lmroman10-regular.luc)(load luc: /home/pece/.texliv
e/texmf-var/luatex-cache/generic/fonts/otl/lmroman10-regular.luc))
(/usr/share/texmf-dist/tex/xelatex/xunicode/xunicode.sty
File: xunicode.sty 2011/09/09 v0.981 provides access to latin accents and many o
ther characters in Unicode lower plane

(/usr/share/texmf-dist/tex/latex/tipa/t3enc.def
File: t3enc.def 2001/12/31 T3 encoding
(compiling luc: /var/lib/texmf/luatex-cache/generic/fonts/otl/lmromanslant10-reg
ular.luc)(load luc: /home/pece/.texlive/texmf-var/luatex-cache/generic/fonts/otl
/lmromanslant10-regular.luc)(compiling luc: /var/lib/texmf/luatex-cache/generic/
fonts/otl/lmroman10-italic.luc)(load luc: /home/pece/.texlive/texmf-var/luatex-c
ache/generic/fonts/otl/lmroman10-italic.luc)(compiling luc: /var/lib/texmf/luate
x-cache/generic/fonts/otl/lmroman10-bold.luc)(load luc: /home/pece/.texlive/texm
f-var/luatex-cache/generic/fonts/otl/lmroman10-bold.luc)
LaTeX Font Info:    Try loading font information for EU2+lmss on input line 357.


(/usr/share/texmf-dist/tex/latex/euenc/eu2lmss.fd
File: eu2lmss.fd 2009/10/30 v1.6 Font defs for Latin Modern
)(compiling luc: /var/lib/texmf/luatex-cache/generic/fonts/otl/lmsans10-regular.
luc)(load luc: /home/pece/.texlive/texmf-var/luatex-cache/generic/fonts/otl/lmsa
ns10-regular.luc))
\tipaTiiicode=\count130
\tipasavetokens=\toks25
\tipachecktokens=\toks26

(/usr/share/texmf-dist/tex/latex/graphics/graphicx.sty
Package: graphicx 2014/10/28 v1.0g Enhanced LaTeX Graphics (DPC,SPQR)

(/usr/share/texmf-dist/tex/latex/graphics/keyval.sty
Package: keyval 2014/10/28 v1.15 key=value parser (DPC)
\KV@toks@=\toks27
)
(/usr/share/texmf-dist/tex/latex/graphics/graphics.sty
Package: graphics 2016/07/10 v1.0t Standard LaTeX Graphics (DPC,SPQR)

(/usr/share/texmf-dist/tex/latex/graphics/trig.sty
Package: trig 2016/01/03 v1.10 sin cos tan (DPC)
)
(/usr/share/texmf-dist/tex/latex/graphics-cfg/graphics.cfg
File: graphics.cfg 2016/06/04 v1.11 sample graphics configuration
)
Package graphics Info: Driver file: luatex.def on input line 99.

(/usr/share/texmf-dist/tex/latex/graphics-def/luatex.def
File: luatex.def 2016/07/11 v0.01f Graphics/Color for luaTeX

(/usr/share/texmf-dist/tex/generic/oberdiek/infwarerr.sty
Package: infwarerr 2016/05/16 v1.4 Providing info/warning/error messages (HO)
)
(/usr/share/texmf-dist/tex/generic/oberdiek/ltxcmds.sty
Package: ltxcmds 2016/05/16 v1.23 LaTeX kernel commands for general use (HO)
)
\Gread@gobject=\count131
))
\Gin@req@height=\dimen146
\Gin@req@width=\dimen147
))
.................................................
. LaTeX info: "xparse/define-command"
. 
. Defining command \__fontspec_post_arg:w with sig. 'mmO{}' on line 356.
.................................................
.................................................
. LaTeX info: "xparse/define-command"
. 
. Defining command \fontspec with sig. 'om' on line 358.
.................................................
.................................................
. LaTeX info: "xparse/define-command"
. 
. Defining command \setmainfont with sig. 'om' on line 368.
.................................................
.................................................
. LaTeX info: "xparse/define-command"
. 
. Defining command \setsansfont with sig. 'om' on line 378.
.................................................
.................................................
. LaTeX info: "xparse/define-command"
. 
. Defining command \setmonofont with sig. 'om' on line 388.
.................................................
.................................................
. LaTeX info: "xparse/define-command"
. 
. Defining command \setmathrm with sig. 'om' on line 402.
.................................................
.................................................
. LaTeX info: "xparse/define-command"
. 
. Defining command \setboldmathrm with sig. 'om' on line 410.
.................................................
.................................................
. LaTeX info: "xparse/define-command"
. 
. Defining command \setmathsf with sig. 'om' on line 418.
.................................................
.................................................
. LaTeX info: "xparse/define-command"
. 
. Defining command \setmathtt with sig. 'om' on line 426.
.................................................
.................................................
. LaTeX info: "xparse/define-command"
. 
. Defining command \newfontfamily with sig. 'mom' on line 440.
.................................................
.................................................
. LaTeX info: "xparse/define-command"
. 
. Defining command \newfontface with sig. 'mom' on line 456.
.................................................
.................................................
. LaTeX info: "xparse/define-command"
. 
. Defining command \defaultfontfeatures with sig. 't+om' on line 470.
.................................................
.................................................
. LaTeX info: "xparse/define-command"
. 
. Defining command \addfontfeatures with sig. 'm' on line 533.
.................................................
.................................................
. LaTeX info: "xparse/define-command"
. 
. Defining command \newfontfeature with sig. 'mm' on line 544.
.................................................
.................................................
. LaTeX info: "xparse/define-command"
. 
. Defining command \newAATfeature with sig. 'mmmm' on line 552.
.................................................
.................................................
. LaTeX info: "xparse/define-command"
. 
. Defining command \newopentypefeature with sig. 'mmm' on line 560.
.................................................
.................................................
. LaTeX info: "xparse/define-command"
. 
. Defining command \aliasfontfeature with sig. 'mm' on line 581.
.................................................
.................................................
. LaTeX info: "xparse/define-command"
. 
. Defining command \aliasfontfeatureoption with sig. 'mmm' on line 590.
.................................................
.................................................
. LaTeX info: "xparse/define-command"
. 
. Defining command \newfontscript with sig. 'mm' on line 594.
.................................................
.................................................
. LaTeX info: "xparse/define-command"
. 
. Defining command \newfontlanguage with sig. 'mm' on line 598.
.................................................
.................................................
. LaTeX info: "xparse/define-command"
. 
. Defining command \DeclareFontsExtensions with sig. 'm' on line 603.
.................................................
\l__fontspec_tmp_int=\count132

(/usr/share/texmf-dist/tex/latex/fontspec/fontspec.cfg)
LaTeX Info: Redefining \itshape on input line 2629.
LaTeX Info: Redefining \slshape on input line 2634.
LaTeX Info: Redefining \scshape on input line 2639.
LaTeX Info: Redefining \upshape on input line 2644.
\l__fontspec_em_int=\count133
\l__fontspec_emdef_int=\count134
LaTeX Info: Redefining \em on input line 2660.
LaTeX Info: Redefining \emph on input line 2666.
LaTeX Info: Redefining \- on input line 2670.
.................................................
. LaTeX info: "xparse/redefine-command"
. 
. Redefining command \oldstylenums with sig. 'm' on line 2765.
.................................................
.................................................
. LaTeX info: "xparse/define-command"
. 
. Defining command \liningnums with sig. 'm' on line 2769.
.................................................
))
(/usr/share/texmf-dist/tex/latex/unicode-math/unicode-math.sty
Package: unicode-math 2015/09/24 v0.8c Unicode maths in XeLaTeX and LuaLaTeX

(/usr/share/texmf-dist/tex/generic/ifxetex/ifxetex.sty
Package: ifxetex 2010/09/12 v0.6 Provides ifxetex conditional
)
(/usr/share/texmf-dist/tex/generic/oberdiek/ifluatex.sty
Package: ifluatex 2016/05/16 v1.4 Provides the ifluatex switch (HO)
Package ifluatex Info: LuaTeX detected.
)
(/usr/share/texmf-dist/tex/latex/ucharcat/ucharcat.sty
Package: ucharcat 2015/11/19 v0.03 ucharcat for luaLaTeX (DPC)
\ucharcat@table=\catcodetable6
)
(/usr/share/texmf-dist/tex/latex/l3packages/l3keys2e/l3keys2e.sty
Package: l3keys2e 2016/05/18 v6512 LaTeX2e option processing using LaTeX3 keys
)
(/usr/share/texmf-dist/tex/latex/base/fix-cm.sty
Package: fix-cm 2015/01/14 v1.1t fixes to LaTeX

(/usr/share/texmf-dist/tex/latex/base/ts1enc.def
File: ts1enc.def 2001/06/05 v3.0e (jk/car/fm) Standard LaTeX file
))
(/usr/share/texmf-dist/tex/latex/filehook/filehook.sty
Package: filehook 2011/10/12 v0.5d Hooks for input files
)
\g__um_fam_int=\count135
\g__um_primekern_muskip=\muskip17
\l__um_primecount_int=\count136
.................................................
. LaTeX info: "xparse/define-command"
. 
. Defining command \unimathsetup with sig. 'm' on line 168.
.................................................

(/usr/share/texmf-dist/tex/latex/unicode-math/unicode-math-luatex.sty
(/usr/share/texmf-dist/tex/lualatex/lualatex-math/lualatex-math.sty
Package: lualatex-math 2016/04/16 v1.6 Patches for mathematics typesetting with 
LuaLaTeX

(/usr/share/texmf-dist/tex/latex/etoolbox/etoolbox.sty
Package: etoolbox 2015/08/02 v2.2a e-TeX tools for LaTeX (JAW)
\etb@tempcnta=\count137
)
Lua module: lualatex-math 2013/08/03 1.3 Patches for mathematics typesetting wit
h LuaLaTeX
.................................................
. lualatex-math info: "patch-macro"
. 
. I'm going to patch macro \subarray.
.................................................
.................................................
. lualatex-math info: "patch-macro"
. 
. I'm going to patch macro \frac .
.................................................
.................................................
. lualatex-math info: "patch-macro"
. 
. I'm going to patch macro \@genfrac.
.................................................
)
.................................................
. LaTeX info: "xparse/define-command"
. 
. Defining command \setmathfontface with sig. 'mO{}mO{}' on line 167.
.................................................
.................................................
. LaTeX info: "xparse/define-command"
. 
. Defining command \setoperatorfont with sig. 'm' on line 171.
.................................................
.................................................
. LaTeX info: "xparse/define-command"
. 
. Defining command \setmathfont with sig. 'O{}mO{}' on line 280.
.................................................
.................................................
. LaTeX info: "xparse/define-command"
. 
. Defining command \addnolimits with sig. 'm' on line 523.
.................................................
.................................................
. LaTeX info: "xparse/define-command"
. 
. Defining command \removenolimits with sig. 'm' on line 527.
.................................................

(/usr/share/texmf-dist/tex/latex/unicode-math/unicode-math-table.tex)
.................................................
. unicode-math info: "patch-macro"
. 
. I'm going to patch macro \plainroot@.
.................................................
.................................................
. unicode-math info: "patch-macro"
. 
. I'm going to patch macro \r@@t.
.................................................
))
luaotfload | cache : Lookup cache loaded from /home/pece/.texlive/texmf-var/luat
ex-cache/generic/names/luaotfload-lookup-cache.luc.(compiling luc: /var/lib/texm
f/luatex-cache/generic/fonts/otl/cambria.luc)(load luc: /home/pece/.texlive/texm
f-var/luatex-cache/generic/fonts/otl/cambria.luc)
\g__fontspec_family_Cambria_int=\count138
(compiling luc: /var/lib/texmf/luatex-cache/generic/fonts/otl/cambriaz.luc)(load
 luc: /home/pece/.texlive/texmf-var/luatex-cache/generic/fonts/otl/cambriaz.luc)
(compiling luc: /var/lib/texmf/luatex-cache/generic/fonts/otl/cambriab.luc)(load
 luc: /home/pece/.texlive/texmf-var/luatex-cache/generic/fonts/otl/cambriab.luc)
(compiling luc: /var/lib/texmf/luatex-cache/generic/fonts/otl/cambriai.luc)(load
 luc: /home/pece/.texlive/texmf-var/luatex-cache/generic/fonts/otl/cambriai.luc)
.................................................
. fontspec info: "defining-font"
. 
. Font family 'Cambria(0)' created for font 'Cambria' with options
. [Ligatures=TeX,Ligatures=TeX].
. 
. This font family consists of the following NFSS series/shapes:
. - 'normal' (m/n) with NFSS spec.:
. <->"Cambria:mode=node;script=latn;language=DFLT;+tlig;+tlig;"
. - 'small caps'  (m/sc) with NFSS spec.:
. <->"Cambria:mode=node;script=latn;language=DFLT;+tlig;+tlig;+smcp;"- 'bold'
. (bx/n) with NFSS spec.:
. <->"Cambria/B:mode=node;script=latn;language=DFLT;+tlig;+tlig;"
. - 'bold small caps'  (bx/sc) with NFSS spec.:
. <->"Cambria/B:mode=node;script=latn;language=DFLT;+tlig;+tlig;+smcp;"-
. 'italic' (m/it) with NFSS spec.:
. <->"Cambria/I:mode=node;script=latn;language=DFLT;+tlig;+tlig;"
. - 'italic small caps'  (m/itsc) with NFSS spec.:
. <->"Cambria/I:mode=node;script=latn;language=DFLT;+tlig;+tlig;+smcp;"- 'bold
. italic' (bx/it) with NFSS spec.:
. <->"Cambria/BI:mode=node;script=latn;language=DFLT;+tlig;+tlig;"
. - 'bold italic small caps'  (bx/itsc) with NFSS spec.:
. <->"Cambria/BI:mode=node;script=latn;language=DFLT;+tlig;+tlig;+smcp;"
.................................................
.................................................
. fontspec info: "defining-font"
. 
. Font family 'Cambria(1)' created for font 'Cambria' with options
. [Ligatures=TeX,Renderer=Basic].
. 
. This font family consists of the following NFSS series/shapes:
. - 'normal' (m/n) with NFSS spec.:
. <->"Cambria:mode=base;script=latn;language=DFLT;+tlig;"
. - 'small caps'  (m/sc) with NFSS spec.:
. <->"Cambria:mode=base;script=latn;language=DFLT;+tlig;+smcp;"- 'bold' (bx/n)
. with NFSS spec.: <->"Cambria/B:mode=base;script=latn;language=DFLT;+tlig;"
. - 'bold small caps'  (bx/sc) with NFSS spec.:
. <->"Cambria/B:mode=base;script=latn;language=DFLT;+tlig;+smcp;"- 'italic'
. (m/it) with NFSS spec.:
. <->"Cambria/I:mode=base;script=latn;language=DFLT;+tlig;"
. - 'italic small caps'  (m/itsc) with NFSS spec.:
. <->"Cambria/I:mode=base;script=latn;language=DFLT;+tlig;+smcp;"- 'bold
. italic' (bx/it) with NFSS spec.:
. <->"Cambria/BI:mode=base;script=latn;language=DFLT;+tlig;"
. - 'bold italic small caps'  (bx/itsc) with NFSS spec.:
. <->"Cambria/BI:mode=base;script=latn;language=DFLT;+tlig;+smcp;"
.................................................
LaTeX Font Info:    Overwriting math alphabet `\mathrm' in version `normal'
(Font)                  OT1/cmr/m/n --> EU2/Cambria(1)/m/n on input line 8.
LaTeX Font Info:    Overwriting math alphabet `\mathit' in version `normal'
(Font)                  OT1/cmr/m/it --> EU2/Cambria(1)/m/it on input line 8.
LaTeX Font Info:    Overwriting math alphabet `\mathbf' in version `normal'
(Font)                  OT1/cmr/bx/n --> EU2/Cambria(1)/bx/n on input line 8.
(compiling luc: /var/lib/texmf/luatex-cache/generic/fonts/otl/calibri.luc)(load 
luc: /home/pece/.texlive/texmf-var/luatex-cache/generic/fonts/otl/calibri.luc)
\g__fontspec_family_Calibri_int=\count139
(compiling luc: /var/lib/texmf/luatex-cache/generic/fonts/otl/calibriz.luc)(load
 luc: /home/pece/.texlive/texmf-var/luatex-cache/generic/fonts/otl/calibriz.luc)
(compiling luc: /var/lib/texmf/luatex-cache/generic/fonts/otl/calibrib.luc)(load
 luc: /home/pece/.texlive/texmf-var/luatex-cache/generic/fonts/otl/calibrib.luc)
(compiling luc: /var/lib/texmf/luatex-cache/generic/fonts/otl/calibrii.luc)(load
 luc: /home/pece/.texlive/texmf-var/luatex-cache/generic/fonts/otl/calibrii.luc)
.................................................
. fontspec info: "defining-font"
. 
. Font family 'Calibri(0)' created for font 'Calibri' with options
. [Ligatures=TeX,Ligatures=TeX].
. 
. This font family consists of the following NFSS series/shapes:
. - 'normal' (m/n) with NFSS spec.:
. <->"Calibri:mode=node;script=latn;language=DFLT;+tlig;+tlig;"
. - 'small caps'  (m/sc) with NFSS spec.:
. <->"Calibri:mode=node;script=latn;language=DFLT;+tlig;+tlig;+smcp;"- 'bold'
. (bx/n) with NFSS spec.:
. <->"Calibri/B:mode=node;script=latn;language=DFLT;+tlig;+tlig;"
. - 'bold small caps'  (bx/sc) with NFSS spec.:
. <->"Calibri/B:mode=node;script=latn;language=DFLT;+tlig;+tlig;+smcp;"-
. 'italic' (m/it) with NFSS spec.:
. <->"Calibri/I:mode=node;script=latn;language=DFLT;+tlig;+tlig;"
. - 'italic small caps'  (m/itsc) with NFSS spec.:
. <->"Calibri/I:mode=node;script=latn;language=DFLT;+tlig;+tlig;+smcp;"- 'bold
. italic' (bx/it) with NFSS spec.:
. <->"Calibri/BI:mode=node;script=latn;language=DFLT;+tlig;+tlig;"
. - 'bold italic small caps'  (bx/itsc) with NFSS spec.:
. <->"Calibri/BI:mode=node;script=latn;language=DFLT;+tlig;+tlig;+smcp;"
.................................................
.................................................
. fontspec info: "defining-font"
. 
. Font family 'Calibri(1)' created for font 'Calibri' with options
. [Ligatures=TeX,Renderer=Basic].
. 
. This font family consists of the following NFSS series/shapes:
. - 'normal' (m/n) with NFSS spec.:
. <->"Calibri:mode=base;script=latn;language=DFLT;+tlig;"
. - 'small caps'  (m/sc) with NFSS spec.:
. <->"Calibri:mode=base;script=latn;language=DFLT;+tlig;+smcp;"- 'bold' (bx/n)
. with NFSS spec.: <->"Calibri/B:mode=base;script=latn;language=DFLT;+tlig;"
. - 'bold small caps'  (bx/sc) with NFSS spec.:
. <->"Calibri/B:mode=base;script=latn;language=DFLT;+tlig;+smcp;"- 'italic'
. (m/it) with NFSS spec.:
. <->"Calibri/I:mode=base;script=latn;language=DFLT;+tlig;"
. - 'italic small caps'  (m/itsc) with NFSS spec.:
. <->"Calibri/I:mode=base;script=latn;language=DFLT;+tlig;+smcp;"- 'bold
. italic' (bx/it) with NFSS spec.:
. <->"Calibri/BI:mode=base;script=latn;language=DFLT;+tlig;"
. - 'bold italic small caps'  (bx/itsc) with NFSS spec.:
. <->"Calibri/BI:mode=base;script=latn;language=DFLT;+tlig;+smcp;"
.................................................
LaTeX Font Info:    Overwriting math alphabet `\mathsf' in version `normal'
(Font)                  OT1/cmss/m/n --> EU2/Calibri(1)/m/n on input line 9.
LaTeX Font Info:    Overwriting math alphabet `\mathsf' in version `bold'
(Font)                  OT1/cmss/bx/n --> EU2/Calibri(1)/bx/n on input line 9.
(compiling luc: /var/lib/texmf/luatex-cache/generic/fonts/otl/consola.luc)(load 
luc: /home/pece/.texlive/texmf-var/luatex-cache/generic/fonts/otl/consola.luc)
.................................................
. fontspec info: "set-scale"
. 
. Consolas scale = 0.952191235059761.
.................................................
\g__fontspec_family_Consolas_int=\count140
(compiling luc: /var/lib/texmf/luatex-cache/generic/fonts/otl/consolaz.luc)(load
 luc: /home/pece/.texlive/texmf-var/luatex-cache/generic/fonts/otl/consolaz.luc)
(compiling luc: /var/lib/texmf/luatex-cache/generic/fonts/otl/consolab.luc)(load
 luc: /home/pece/.texlive/texmf-var/luatex-cache/generic/fonts/otl/consolab.luc)
(compiling luc: /var/lib/texmf/luatex-cache/generic/fonts/otl/consolai.luc)(load
 luc: /home/pece/.texlive/texmf-var/luatex-cache/generic/fonts/otl/consolai.luc)
.................................................
. fontspec info: "set-scale"
. 
. Consolas scale = 0.952191235059761.
.................................................
luaotfload | aux : font no 30 (<unknown>) does not define feature smcp for scrip
t latn with language dflt
luaotfload | aux : no font with id 30
.................................................
. fontspec info: "set-scale"
. 
. Consolas/B scale = 0.9409448818897638.
.................................................
luaotfload | aux : font no 32 (<unknown>) does not define feature smcp for scrip
t latn with language dflt
luaotfload | aux : no font with id 32
.................................................
. fontspec info: "set-scale"
. 
. Consolas/I scale = 0.952191235059761.
.................................................
luaotfload | aux : font no 33 (<unknown>) does not define feature smcp for scrip
t latn with language dflt
luaotfload | aux : no font with id 33
.................................................
. fontspec info: "set-scale"
. 
. Consolas/BI scale = 0.9409448818897638.
.................................................
luaotfload | aux : font no 31 (<unknown>) does not define feature smcp for scrip
t latn with language dflt
luaotfload | aux : no font with id 31
.................................................
. fontspec info: "defining-font"
. 
. Font family 'Consolas(0)' created for font 'Consolas' with options
. [Ligatures=TeX,WordSpace={1,0,0},PunctuationSpace=WordSpace,Scale=MatchLowerca
se].
. 
. This font family consists of the following NFSS series/shapes:
. - 'normal' (m/n) with NFSS spec.:
. <->s*[0.952191235059761]"Consolas:mode=node;script=latn;language=DFLT;+tlig;"
. - 'small caps'  (m/sc) with NFSS spec.: 
. and font adjustment code:
. \fontdimen 2\font =1\fontdimen 2\font \fontdimen 3\font =0\fontdimen 3\font
. \fontdimen 4\font =0\fontdimen 4\font \fontdimen 7\font =0\fontdimen 2\font
. - 'bold' (bx/n) with NFSS spec.:
. <->s*[0.9409448818897638]"Consolas/B:mode=node;script=latn;language=DFLT;+tlig
;"
. - 'bold small caps'  (bx/sc) with NFSS spec.: 
. and font adjustment code:
. \fontdimen 2\font =1\fontdimen 2\font \fontdimen 3\font =0\fontdimen 3\font
. \fontdimen 4\font =0\fontdimen 4\font \fontdimen 7\font =0\fontdimen 2\font
. - 'italic' (m/it) with NFSS spec.:
. <->s*[0.952191235059761]"Consolas/I:mode=node;script=latn;language=DFLT;+tlig;
"
. - 'italic small caps'  (m/itsc) with NFSS spec.: 
. and font adjustment code:
. \fontdimen 2\font =1\fontdimen 2\font \fontdimen 3\font =0\fontdimen 3\font
. \fontdimen 4\font =0\fontdimen 4\font \fontdimen 7\font =0\fontdimen 2\font
. - 'bold italic' (bx/it) with NFSS spec.:
. <->s*[0.9409448818897638]"Consolas/BI:mode=node;script=latn;language=DFLT;+tli
g;"
. - 'bold italic small caps'  (bx/itsc) with NFSS spec.: 
. and font adjustment code:
. \fontdimen 2\font =1\fontdimen 2\font \fontdimen 3\font =0\fontdimen 3\font
. \fontdimen 4\font =0\fontdimen 4\font \fontdimen 7\font =0\fontdimen 2\font 
.................................................
.................................................
. fontspec info: "set-scale"
. 
. Consolas scale = 0.952191235059761.
.................................................
.................................................
. fontspec info: "set-scale"
. 
. Consolas scale = 0.952191235059761.
.................................................
luaotfload | aux : font no 30 (<unknown>) does not define feature smcp for scrip
t latn with language dflt
luaotfload | aux : no font with id 30
.................................................
. fontspec info: "set-scale"
. 
. Consolas/B scale = 0.9409448818897638.
.................................................
luaotfload | aux : font no 32 (<unknown>) does not define feature smcp for scrip
t latn with language dflt
luaotfload | aux : no font with id 32
.................................................
. fontspec info: "set-scale"
. 
. Consolas/I scale = 0.952191235059761.
.................................................
luaotfload | aux : font no 33 (<unknown>) does not define feature smcp for scrip
t latn with language dflt
luaotfload | aux : no font with id 33
.................................................
. fontspec info: "set-scale"
. 
. Consolas/BI scale = 0.9409448818897638.
.................................................
luaotfload | aux : font no 31 (<unknown>) does not define feature smcp for scrip
t latn with language dflt
luaotfload | aux : no font with id 31
.................................................
. fontspec info: "defining-font"
. 
. Font family 'Consolas(1)' created for font 'Consolas' with options
. [Ligatures=TeX,Renderer=Basic,Scale=MatchLowercase].
. 
. This font family consists of the following NFSS series/shapes:
. - 'normal' (m/n) with NFSS spec.:
. <->s*[0.952191235059761]"Consolas:mode=base;script=latn;language=DFLT;+tlig;"
. - 'small caps'  (m/sc) with NFSS spec.: - 'bold' (bx/n) with NFSS spec.:
. <->s*[0.9409448818897638]"Consolas/B:mode=base;script=latn;language=DFLT;+tlig
;"
. - 'bold small caps'  (bx/sc) with NFSS spec.: - 'italic' (m/it) with NFSS
. spec.:
. <->s*[0.952191235059761]"Consolas/I:mode=base;script=latn;language=DFLT;+tlig;
"
. - 'italic small caps'  (m/itsc) with NFSS spec.: - 'bold italic' (bx/it)
. with NFSS spec.:
. <->s*[0.9409448818897638]"Consolas/BI:mode=base;script=latn;language=DFLT;+tli
g;"
. - 'bold italic small caps'  (bx/itsc) with NFSS spec.: 
.................................................
LaTeX Font Info:    Overwriting math alphabet `\mathtt' in version `normal'
(Font)                  OT1/cmtt/m/n --> EU2/Consolas(1)/m/n on input line 12.
LaTeX Font Info:    Overwriting math alphabet `\mathtt' in version `bold'
(Font)                  OT1/cmtt/m/n --> EU2/Consolas(1)/bx/n on input line 12.
 (/usr/share/texmf-dist/tex/latex/stmaryrd/stmaryrd.sty
Package: stmaryrd 1994/03/03 St Mary's Road symbol package
\symstmry=\mathgroup6
LaTeX Font Info:    Overwriting symbol font `stmry' in version `bold'
(Font)                  U/stmry/m/n --> U/stmry/b/n on input line 89.
)
(/usr/share/texmf-dist/tex/latex/polyglossia/polyglossia.sty
Package: polyglossia 2015/03/25 v1.42.4 Alternative to Babel for XeLaTeX and Lua
LaTeX

(/usr/share/texmf-dist/tex/latex/makecmds/makecmds.sty
Package: makecmds 2009/09/03 v1.0a extra command making commands
)
(/usr/share/texmf-dist/tex/latex/xkeyval/xkeyval.sty
Package: xkeyval 2014/12/03 v2.7a package option processing (HA)

(/usr/share/texmf-dist/tex/generic/xkeyval/xkeyval.tex
(/usr/share/texmf-dist/tex/generic/xkeyval/xkvutils.tex
\XKV@toks=\toks28
\XKV@tempa@toks=\toks29
)
\XKV@depth=\count141
File: xkeyval.tex 2014/12/03 v2.7a key=value parser (HA)
))
(/usr/share/texmf-dist/tex/luatex/luatexbase/luatexbase.sty
Package: luatexbase 2015/10/04 v1.3 luatexbase interface to LuaTeX 

(/usr/share/texmf-dist/tex/luatex/ctablestack/ctablestack.sty
Package: ctablestack 2015/10/01 v1.0 Catcode table stable support
\@catcodetablestackcnt=\count142
)
\CatcodeTableOther=\catcodetable7
\CatcodeTableExpl=\catcodetable8
)
luatex-hyphen: using data file: /usr/share/texmf-dist/tex/generic/config/languag
e.dat.lua
Lua module: polyglossia 2013/05/11 1.3 Polyglossia)
(/usr/share/texmf-dist/tex/latex/enumitem/enumitem.sty
Package: enumitem 2011/09/28 v3.5.2 Customized lists
\labelindent=\skip55
\enit@outerparindent=\dimen148
\enit@toks=\toks30
\enit@inbox=\box44
\enitdp@description=\count143
)
(/usr/share/texmf-dist/tex/latex/pgf/frontendlayer/tikz.sty
(/usr/share/texmf-dist/tex/latex/pgf/basiclayer/pgf.sty
(/usr/share/texmf-dist/tex/latex/pgf/utilities/pgfrcs.sty
(/usr/share/texmf-dist/tex/generic/pgf/utilities/pgfutil-common.tex
\pgfutil@everybye=\toks31
\pgfutil@tempdima=\dimen149
\pgfutil@tempdimb=\dimen150

(/usr/share/texmf-dist/tex/generic/pgf/utilities/pgfutil-common-lists.tex))
(/usr/share/texmf-dist/tex/generic/pgf/utilities/pgfutil-latex.def
\pgfutil@abb=\box45

(/usr/share/texmf-dist/tex/latex/ms/everyshi.sty
Package: everyshi 2001/05/15 v3.00 EveryShipout Package (MS)
))
(/usr/share/texmf-dist/tex/generic/pgf/utilities/pgfrcs.code.tex
Package: pgfrcs 2015/08/07 v3.0.1a (rcs-revision 1.31)
))
Package: pgf 2015/08/07 v3.0.1a (rcs-revision 1.15)

(/usr/share/texmf-dist/tex/latex/pgf/basiclayer/pgfcore.sty
(/usr/share/texmf-dist/tex/latex/pgf/systemlayer/pgfsys.sty
(/usr/share/texmf-dist/tex/generic/pgf/systemlayer/pgfsys.code.tex
Package: pgfsys 2014/07/09 v3.0.1a (rcs-revision 1.48)

(/usr/share/texmf-dist/tex/generic/pgf/utilities/pgfkeys.code.tex
\pgfkeys@pathtoks=\toks32
\pgfkeys@temptoks=\toks33

(/usr/share/texmf-dist/tex/generic/pgf/utilities/pgfkeysfiltered.code.tex
\pgfkeys@tmptoks=\toks34
))
\pgf@x=\dimen151
\pgf@y=\dimen152
\pgf@xa=\dimen153
\pgf@ya=\dimen154
\pgf@xb=\dimen155
\pgf@yb=\dimen156
\pgf@xc=\dimen157
\pgf@yc=\dimen158
\w@pgf@writea=\write3
\r@pgf@reada=\read2
\c@pgf@counta=\count144
\c@pgf@countb=\count145
\c@pgf@countc=\count146
\c@pgf@countd=\count147
\t@pgf@toka=\toks35
\t@pgf@tokb=\toks36
\t@pgf@tokc=\toks37

(/usr/share/texmf-dist/tex/generic/pgf/systemlayer/pgf.cfg
File: pgf.cfg 2008/05/14  (rcs-revision 1.7)
)
Driver file for pgf: pgfsys-luatex.def

(/usr/share/texmf-dist/tex/generic/pgf/systemlayer/pgfsys-luatex.def
File: pgfsys-luatex.def 2014/10/11  (rcs-revision 1.35)

(/usr/share/texmf-dist/tex/generic/pgf/systemlayer/pgfsys-common-pdf.def
File: pgfsys-common-pdf.def 2013/10/10  (rcs-revision 1.13)
)))
(/usr/share/texmf-dist/tex/generic/pgf/systemlayer/pgfsyssoftpath.code.tex
File: pgfsyssoftpath.code.tex 2013/09/09  (rcs-revision 1.9)
\pgfsyssoftpath@smallbuffer@items=\count148
\pgfsyssoftpath@bigbuffer@items=\count149
)
(/usr/share/texmf-dist/tex/generic/pgf/systemlayer/pgfsysprotocol.code.tex
File: pgfsysprotocol.code.tex 2006/10/16  (rcs-revision 1.4)
))
(/usr/share/texmf-dist/tex/latex/xcolor/xcolor.sty
Package: xcolor 2016/05/11 v2.12 LaTeX color extensions (UK)

(/usr/share/texmf-dist/tex/latex/graphics-cfg/color.cfg
File: color.cfg 2016/01/02 v1.6 sample color configuration
)
Package xcolor Info: Driver file: luatex.def on input line 225.
Package xcolor Info: Model `cmy' substituted by `cmy0' on input line 1348.
Package xcolor Info: Model `hsb' substituted by `rgb' on input line 1352.
Package xcolor Info: Model `RGB' extended on input line 1364.
Package xcolor Info: Model `HTML' substituted by `rgb' on input line 1366.
Package xcolor Info: Model `Hsb' substituted by `hsb' on input line 1367.
Package xcolor Info: Model `tHsb' substituted by `hsb' on input line 1368.
Package xcolor Info: Model `HSB' substituted by `hsb' on input line 1369.
Package xcolor Info: Model `Gray' substituted by `gray' on input line 1370.
Package xcolor Info: Model `wave' substituted by `hsb' on input line 1371.
)
(/usr/share/texmf-dist/tex/generic/pgf/basiclayer/pgfcore.code.tex
Package: pgfcore 2010/04/11 v3.0.1a (rcs-revision 1.7)

(/usr/share/texmf-dist/tex/generic/pgf/math/pgfmath.code.tex
(/usr/share/texmf-dist/tex/generic/pgf/math/pgfmathcalc.code.tex
(/usr/share/texmf-dist/tex/generic/pgf/math/pgfmathutil.code.tex)
(/usr/share/texmf-dist/tex/generic/pgf/math/pgfmathparser.code.tex
\pgfmath@dimen=\dimen159
\pgfmath@count=\count150
\pgfmath@box=\box46
\pgfmath@toks=\toks38
\pgfmath@stack@operand=\toks39
\pgfmath@stack@operation=\toks40
)
(/usr/share/texmf-dist/tex/generic/pgf/math/pgfmathfunctions.code.tex
(/usr/share/texmf-dist/tex/generic/pgf/math/pgfmathfunctions.basic.code.tex)
(/usr/share/texmf-dist/tex/generic/pgf/math/pgfmathfunctions.trigonometric.code
.tex)
(/usr/share/texmf-dist/tex/generic/pgf/math/pgfmathfunctions.random.code.tex)
(/usr/share/texmf-dist/tex/generic/pgf/math/pgfmathfunctions.comparison.code.te
x) (/usr/share/texmf-dist/tex/generic/pgf/math/pgfmathfunctions.base.code.tex)
(/usr/share/texmf-dist/tex/generic/pgf/math/pgfmathfunctions.round.code.tex)
(/usr/share/texmf-dist/tex/generic/pgf/math/pgfmathfunctions.misc.code.tex)
(/usr/share/texmf-dist/tex/generic/pgf/math/pgfmathfunctions.integerarithmetics
.code.tex))) (/usr/share/texmf-dist/tex/generic/pgf/math/pgfmathfloat.code.tex
\c@pgfmathroundto@lastzeros=\count151
)) (/usr/share/texmf-dist/tex/generic/pgf/basiclayer/pgfcorepoints.code.tex
File: pgfcorepoints.code.tex 2013/10/07  (rcs-revision 1.27)
\pgf@picminx=\dimen160
\pgf@picmaxx=\dimen161
\pgf@picminy=\dimen162
\pgf@picmaxy=\dimen163
\pgf@pathminx=\dimen164
\pgf@pathmaxx=\dimen165
\pgf@pathminy=\dimen166
\pgf@pathmaxy=\dimen167
\pgf@xx=\dimen168
\pgf@xy=\dimen169
\pgf@yx=\dimen170
\pgf@yy=\dimen171
\pgf@zx=\dimen172
\pgf@zy=\dimen173
)
(/usr/share/texmf-dist/tex/generic/pgf/basiclayer/pgfcorepathconstruct.code.tex
File: pgfcorepathconstruct.code.tex 2013/10/07  (rcs-revision 1.29)
\pgf@path@lastx=\dimen174
\pgf@path@lasty=\dimen175
) (/usr/share/texmf-dist/tex/generic/pgf/basiclayer/pgfcorepathusage.code.tex
File: pgfcorepathusage.code.tex 2014/11/02  (rcs-revision 1.24)
\pgf@shorten@end@additional=\dimen176
\pgf@shorten@start@additional=\dimen177
)
(/usr/share/texmf-dist/tex/generic/pgf/basiclayer/pgfcorescopes.code.tex
File: pgfcorescopes.code.tex 2015/05/08  (rcs-revision 1.46)
\pgfpic=\box47
\pgf@hbox=\box48
\pgf@layerbox@main=\box49
\pgf@picture@serial@count=\count152
)
(/usr/share/texmf-dist/tex/generic/pgf/basiclayer/pgfcoregraphicstate.code.tex
File: pgfcoregraphicstate.code.tex 2014/11/02  (rcs-revision 1.12)
\pgflinewidth=\dimen178
)
(/usr/share/texmf-dist/tex/generic/pgf/basiclayer/pgfcoretransformations.code.t
ex
File: pgfcoretransformations.code.tex 2015/08/07  (rcs-revision 1.20)
\pgf@pt@x=\dimen179
\pgf@pt@y=\dimen180
\pgf@pt@temp=\dimen181
) (/usr/share/texmf-dist/tex/generic/pgf/basiclayer/pgfcorequick.code.tex
File: pgfcorequick.code.tex 2008/10/09  (rcs-revision 1.3)
)
(/usr/share/texmf-dist/tex/generic/pgf/basiclayer/pgfcoreobjects.code.tex
File: pgfcoreobjects.code.tex 2006/10/11  (rcs-revision 1.2)
)
(/usr/share/texmf-dist/tex/generic/pgf/basiclayer/pgfcorepathprocessing.code.te
x
File: pgfcorepathprocessing.code.tex 2013/09/09  (rcs-revision 1.9)
) (/usr/share/texmf-dist/tex/generic/pgf/basiclayer/pgfcorearrows.code.tex
File: pgfcorearrows.code.tex 2015/05/14  (rcs-revision 1.43)
\pgfarrowsep=\dimen182
)
(/usr/share/texmf-dist/tex/generic/pgf/basiclayer/pgfcoreshade.code.tex
File: pgfcoreshade.code.tex 2013/07/15  (rcs-revision 1.15)
\pgf@max=\dimen183
\pgf@sys@shading@range@num=\count153
)
(/usr/share/texmf-dist/tex/generic/pgf/basiclayer/pgfcoreimage.code.tex
File: pgfcoreimage.code.tex 2013/07/15  (rcs-revision 1.18)

(/usr/share/texmf-dist/tex/generic/pgf/basiclayer/pgfcoreexternal.code.tex
File: pgfcoreexternal.code.tex 2014/07/09  (rcs-revision 1.21)
\pgfexternal@startupbox=\box50
))
(/usr/share/texmf-dist/tex/generic/pgf/basiclayer/pgfcorelayers.code.tex
File: pgfcorelayers.code.tex 2013/07/18  (rcs-revision 1.7)
)
(/usr/share/texmf-dist/tex/generic/pgf/basiclayer/pgfcoretransparency.code.tex
File: pgfcoretransparency.code.tex 2013/09/30  (rcs-revision 1.5)
) (/usr/share/texmf-dist/tex/generic/pgf/basiclayer/pgfcorepatterns.code.tex
File: pgfcorepatterns.code.tex 2013/11/07  (rcs-revision 1.5)
)))
(/usr/share/texmf-dist/tex/generic/pgf/modules/pgfmoduleshapes.code.tex
File: pgfmoduleshapes.code.tex 2014/03/21  (rcs-revision 1.35)
\pgfnodeparttextbox=\box51
)
(/usr/share/texmf-dist/tex/generic/pgf/modules/pgfmoduleplot.code.tex
File: pgfmoduleplot.code.tex 2015/08/03  (rcs-revision 1.13)
)
(/usr/share/texmf-dist/tex/latex/pgf/compatibility/pgfcomp-version-0-65.sty
Package: pgfcomp-version-0-65 2007/07/03 v3.0.1a (rcs-revision 1.7)
\pgf@nodesepstart=\dimen184
\pgf@nodesepend=\dimen185
)
(/usr/share/texmf-dist/tex/latex/pgf/compatibility/pgfcomp-version-1-18.sty
Package: pgfcomp-version-1-18 2007/07/23 v3.0.1a (rcs-revision 1.1)
))
(/usr/share/texmf-dist/tex/latex/pgf/utilities/pgffor.sty
(/usr/share/texmf-dist/tex/latex/pgf/utilities/pgfkeys.sty
(/usr/share/texmf-dist/tex/generic/pgf/utilities/pgfkeys.code.tex))
(/usr/share/texmf-dist/tex/latex/pgf/math/pgfmath.sty
(/usr/share/texmf-dist/tex/generic/pgf/math/pgfmath.code.tex))
(/usr/share/texmf-dist/tex/generic/pgf/utilities/pgffor.code.tex
Package: pgffor 2013/12/13 v3.0.1a (rcs-revision 1.25)

(/usr/share/texmf-dist/tex/generic/pgf/math/pgfmath.code.tex)
\pgffor@iter=\dimen186
\pgffor@skip=\dimen187
\pgffor@stack=\toks41
\pgffor@toks=\toks42
))
(/usr/share/texmf-dist/tex/generic/pgf/frontendlayer/tikz/tikz.code.tex
Package: tikz 2015/08/07 v3.0.1a (rcs-revision 1.151)

(/usr/share/texmf-dist/tex/generic/pgf/libraries/pgflibraryplothandlers.code.te
x
File: pgflibraryplothandlers.code.tex 2013/08/31 v3.0.1a (rcs-revision 1.20)
\pgf@plot@mark@count=\count154
\pgfplotmarksize=\dimen188
)
\tikz@lastx=\dimen189
\tikz@lasty=\dimen190
\tikz@lastxsaved=\dimen191
\tikz@lastysaved=\dimen192
\tikzleveldistance=\dimen193
\tikzsiblingdistance=\dimen194
\tikz@figbox=\box52
\tikz@figbox@bg=\box53
\tikz@tempbox=\box54
\tikz@tempbox@bg=\box55
\tikztreelevel=\count155
\tikznumberofchildren=\count156
\tikznumberofcurrentchild=\count157
\tikz@fig@count=\count158
 (/usr/share/texmf-dist/tex/generic/pgf/modules/pgfmodulematrix.code.tex
File: pgfmodulematrix.code.tex 2013/09/17  (rcs-revision 1.8)
\pgfmatrixcurrentrow=\count159
\pgfmatrixcurrentcolumn=\count160
\pgf@matrix@numberofcolumns=\count161
)
\tikz@expandcount=\count162

(/usr/share/texmf-dist/tex/generic/pgf/frontendlayer/tikz/libraries/tikzlibrary
topaths.code.tex
File: tikzlibrarytopaths.code.tex 2008/06/17 v3.0.1a (rcs-revision 1.2)
))) (/usr/share/texmf-dist/tex/latex/tikz-cd/tikz-cd.sty
Package: tikz-cd 2014/10/30 v0.9e Commutative diagrams with tikz

(/usr/share/texmf-dist/tex/generic/tikz-cd/tikzlibrarycd.code.tex
(/usr/share/texmf-dist/tex/generic/pgf/frontendlayer/tikz/libraries/tikzlibrary
matrix.code.tex
File: tikzlibrarymatrix.code.tex 2013/07/12 v3.0.1a (rcs-revision 1.4)
)
(/usr/share/texmf-dist/tex/generic/pgf/frontendlayer/tikz/libraries/tikzlibrary
quotes.code.tex
File: tikzlibraryquotes.code.tex 2014/03/21 v3.0.1a (rcs-revision 1.4)
)
(/usr/share/texmf-dist/tex/generic/pgf/libraries/pgflibraryarrows.meta.code.tex
File: pgflibraryarrows.meta.code.tex 2015/05/13 v3.0.1a (rcs-revision 1.13)
\pgfarrowinset=\dimen195
\pgfarrowlength=\dimen196
\pgfarrowwidth=\dimen197
\pgfarrowlinewidth=\dimen198
))) (/usr/share/texmf-dist/tex/latex/titlesec/titlesec.sty
Package: titlesec 2016/03/21 v2.10.2 Sectioning titles
\ttl@box=\box56
\beforetitleunit=\skip56
\aftertitleunit=\skip57
\ttl@plus=\dimen199
\ttl@minus=\dimen256
\ttl@toksa=\toks43
\titlewidth=\dimen257
\titlewidthlast=\dimen258
\titlewidthfirst=\dimen259
)
(/usr/share/texmf-dist/tex/latex/listings/listings.sty
\lst@mode=\count163
\lst@gtempboxa=\box57
\lst@token=\toks44
\lst@length=\count164
\lst@currlwidth=\dimen260
\lst@column=\count165
\lst@pos=\count166
\lst@lostspace=\dimen261
\lst@width=\dimen262
\lst@newlines=\count167
\lst@lineno=\count168
\lst@maxwidth=\dimen263

(/usr/share/texmf-dist/tex/latex/listings/lstmisc.sty
File: lstmisc.sty 2015/06/04 1.6 (Carsten Heinz)
\c@lstnumber=\count169
\lst@skipnumbers=\count170
\lst@framebox=\box58
)
(/usr/share/texmf-dist/tex/latex/listings/listings.cfg
File: listings.cfg 2015/06/04 1.6 listings configuration
))
Package: listings 2015/06/04 1.6 (Carsten Heinz)

(/usr/share/texmf-dist/tex/latex/hyperref/hyperref.sty
Package: hyperref 2016/06/24 v6.83q Hypertext links for LaTeX

(/usr/share/texmf-dist/tex/generic/oberdiek/hobsub-hyperref.sty
Package: hobsub-hyperref 2016/05/16 v1.14 Bundle oberdiek, subset hyperref (HO)

(/usr/share/texmf-dist/tex/generic/oberdiek/hobsub-generic.sty
Package: hobsub-generic 2016/05/16 v1.14 Bundle oberdiek, subset generic (HO)
Package: hobsub 2016/05/16 v1.14 Construct package bundles (HO)
Package hobsub Info: Skipping package `infwarerr' (already loaded).
Package hobsub Info: Skipping package `ltxcmds' (already loaded).
Package hobsub Info: Skipping package `ifluatex' (already loaded).
Package: ifvtex 2016/05/16 v1.6 Detect VTeX and its facilities (HO)
Package ifvtex Info: VTeX not detected.
Package: intcalc 2016/05/16 v1.2 Expandable calculations with integers (HO)
Package: ifpdf 2016/05/14 v3.1 Provides the ifpdf switch
Package: etexcmds 2016/05/16 v1.6 Avoid name clashes with e-TeX commands (HO)
Package: kvsetkeys 2016/05/16 v1.17 Key value parser (HO)
Package: kvdefinekeys 2016/05/16 v1.4 Define keys (HO)
Package: luatex-loader 2016/05/16 v0.6 Lua module loader (HO)

(/usr/share/texmf-dist/scripts/oberdiek/oberdiek.luatex.lua)
Package: pdftexcmds 2016/05/21 v0.22 Utility functions of pdfTeX for LuaTeX (HO)

Package pdftexcmds Info: \pdf@primitive is available.
Package pdftexcmds Info: \pdf@ifprimitive is available.
Package pdftexcmds Info: \pdfdraftmode found.
\pdftexcmds@toks=\toks45
Package: pdfescape 2016/05/16 v1.14 Implements pdfTeX's escape features (HO)
Package: bigintcalc 2016/05/16 v1.4 Expandable calculations on big integers (HO)

Package: bitset 2016/05/16 v1.2 Handle bit-vector datatype (HO)
Package: uniquecounter 2016/05/16 v1.3 Provide unlimited unique counter (HO)
)
Package hobsub Info: Skipping package `hobsub' (already loaded).
Package: letltxmacro 2016/05/16 v1.5 Let assignment for LaTeX macros (HO)
Package: hopatch 2016/05/16 v1.3 Wrapper for package hooks (HO)
Package: xcolor-patch 2016/05/16 xcolor patch
Package: atveryend 2016/05/16 v1.9 Hooks at the very end of document (HO)
Package: atbegshi 2016/06/09 v1.18 At begin shipout hook (HO)
Package: refcount 2016/05/16 v3.5 Data extraction from label references (HO)
Package: hycolor 2016/05/16 v1.8 Color options for hyperref/bookmark (HO)
)
(/usr/share/texmf-dist/tex/latex/oberdiek/auxhook.sty
Package: auxhook 2016/05/16 v1.4 Hooks for auxiliary files (HO)
)
(/usr/share/texmf-dist/tex/latex/oberdiek/kvoptions.sty
Package: kvoptions 2016/05/16 v3.12 Key value format for package options (HO)
)
\@linkdim=\dimen264
\Hy@linkcounter=\count171
\Hy@pagecounter=\count172

(/usr/share/texmf-dist/tex/latex/hyperref/pd1enc.def
File: pd1enc.def 2016/06/24 v6.83q Hyperref: PDFDocEncoding definition (HO)
)
\Hy@SavedSpaceFactor=\count173

(/usr/share/texmf-dist/tex/latex/latexconfig/hyperref.cfg
File: hyperref.cfg 2002/06/06 v1.2 hyperref configuration of TeXLive
)
Package hyperref Info: Hyper figures OFF on input line 4486.
Package hyperref Info: Link nesting OFF on input line 4491.
Package hyperref Info: Hyper index ON on input line 4494.
Package hyperref Info: Plain pages OFF on input line 4501.
Package hyperref Info: Backreferencing OFF on input line 4506.
Package hyperref Info: Implicit mode ON; LaTeX internals redefined.
Package hyperref Info: Bookmarks ON on input line 4735.
\c@Hy@tempcnt=\count174

(/usr/share/texmf-dist/tex/latex/url/url.sty
\Urlmuskip=\muskip18
Package: url 2013/09/16  ver 3.4  Verb mode for urls, etc.
)
LaTeX Info: Redefining \url on input line 5088.
\XeTeXLinkMargin=\dimen265
\Fld@menulength=\count175
\Field@Width=\dimen266
\Fld@charsize=\dimen267
Package hyperref Info: Hyper figures OFF on input line 6342.
Package hyperref Info: Link nesting OFF on input line 6347.
Package hyperref Info: Hyper index ON on input line 6350.
Package hyperref Info: backreferencing OFF on input line 6357.
Package hyperref Info: Link coloring OFF on input line 6362.
Package hyperref Info: Link coloring with OCG OFF on input line 6367.
Package hyperref Info: PDF/A mode OFF on input line 6372.
LaTeX Info: Redefining \ref on input line 6412.
LaTeX Info: Redefining \pageref on input line 6416.
\Hy@abspage=\count176
\c@Item=\count177
\c@Hfootnote=\count178
)

Package hyperref Message: Driver (autodetected): hluatex.

(/usr/share/texmf-dist/tex/latex/hyperref/hluatex.def
File: hluatex.def 2016/06/24 v6.83q Hyperref driver for luaTeX
\Fld@listcount=\count179
\c@bookmark@seq@number=\count180

(/usr/share/texmf-dist/tex/latex/oberdiek/rerunfilecheck.sty
Package: rerunfilecheck 2016/05/16 v1.8 Rerun checks for auxiliary files (HO)
Package uniquecounter Info: New unique counter `rerunfilecheck' on input line 28
2.
)
\Hy@SectionHShift=\skip58
)
(/usr/share/texmf-dist/tex/latex/fmtcount/fmtcount.sty
Package: fmtcount 2015/05/05 v3.01

(/usr/share/texmf-dist/tex/latex/base/ifthen.sty
Package: ifthen 2014/09/29 v1.1c Standard LaTeX ifthen package (DPC)
)
(/usr/share/texmf-dist/tex/latex/fmtcount/fcprefix.sty
Package: fcprefix 2012/09/28

(/usr/share/texmf-dist/tex/latex/fmtcount/fcnumparser.sty
Package: fcnumparser 2012/09/28
\fc@digit@counter=\count181
))
\c@padzeroesN=\count182
\fc@tmpcatcode=\count183

(/usr/share/texmf-dist/tex/latex/fmtcount/fc-french.def
File: fc-french.def 2012/10/24
)
\@DT@modctr=\count184
\@ordinalctr=\count185
\@orgargctr=\count186
\@strctr=\count187
\@tmpstrctr=\count188
\@DT@loopN=\count189
\@DT@X=\count190
)
(/usr/share/texmf-dist/tex/latex/polyglossia/gloss-french.ldf
File: gloss-french.ldf polyglossia: module for french

hyph-fr.pat.txt
Language francais was not yet loaded; created with id 4
Language francais already loaded; id is 4
Language francais already loaded; id is 4
hyph-fr.pat.txt
Language french was not yet loaded; created with id 8
Language french already loaded; id is 8
\xpg@frpt=\attribute5
)
Package polyglossia Info: Default language is french.

(/usr/share/texmf-dist/tex/latex/listings/lstlang1.sty
File: lstlang1.sty 2015/06/04 1.6 listings language file
)
(/usr/share/texmf-dist/tex/latex/listings/lstmisc.sty
File: lstmisc.sty 2015/06/04 1.6 (Carsten Heinz)
)
\c@exercise=\count191
 (./main.aux
luatex-hyphen: loading patterns and exceptions for: french (\language4)
luatex-hyphen: info: no hyphenation exceptions for this language
Language french already loaded; id is 8
Removing  `luaotfload.node_processor' from `pre_linebreak_filter'.
Inserting `polyglossia-frpt.process' at position 1 in `pre_linebreak_filter'.
Inserting `luaotfload.node_processor' at position 2 in `pre_linebreak_filter'.)
\openout1 = main.aux

LaTeX Font Info:    Checking defaults for OML/cmm/m/it on input line 59.
LaTeX Font Info:    ... okay on input line 59.
LaTeX Font Info:    Checking defaults for T1/cmr/m/n on input line 59.
LaTeX Font Info:    ... okay on input line 59.
LaTeX Font Info:    Checking defaults for OT1/cmr/m/n on input line 59.
LaTeX Font Info:    ... okay on input line 59.
LaTeX Font Info:    Checking defaults for OMS/cmsy/m/n on input line 59.
LaTeX Font Info:    ... okay on input line 59.
LaTeX Font Info:    Checking defaults for OMX/cmex/m/n on input line 59.
LaTeX Font Info:    ... okay on input line 59.
LaTeX Font Info:    Checking defaults for U/cmr/m/n on input line 59.
LaTeX Font Info:    ... okay on input line 59.
LaTeX Font Info:    Checking defaults for EU2/lmr/m/n on input line 59.
LaTeX Font Info:    ... okay on input line 59.
LaTeX Font Info:    Checking defaults for T3/cmr/m/n on input line 59.
LaTeX Font Info:    Try loading font information for T3+cmr on input line 59.

(/usr/share/texmf-dist/tex/latex/tipa/t3cmr.fd
File: t3cmr.fd 2001/12/31 TIPA font definitions
)
LaTeX Font Info:    ... okay on input line 59.
LaTeX Font Info:    Checking defaults for TS1/cmr/m/n on input line 59.
LaTeX Font Info:    ... okay on input line 59.
LaTeX Font Info:    Checking defaults for PD1/pdf/m/n on input line 59.
LaTeX Font Info:    ... okay on input line 59.

(/usr/share/texmf-dist/tex/context/base/mkii/supp-pdf.mkii
[Loading MPS to PDF converter (version 2006.09.02).]
\scratchcounter=\count192
\scratchdimen=\dimen268
\scratchbox=\box59
\nofMPsegments=\count193
\nofMParguments=\count194
\everyMPshowfont=\toks46
\MPscratchCnt=\count195
\MPscratchDim=\dimen269
\MPnumerator=\count196
\makeMPintoPDFobject=\count197
\everyMPtoPDFconversion=\toks47
) (/usr/share/texmf-dist/tex/latex/oberdiek/epstopdf-base.sty
Package: epstopdf-base 2016/05/15 v2.6 Base part for package epstopdf

(/usr/share/texmf-dist/tex/latex/oberdiek/grfext.sty
Package: grfext 2016/05/16 v1.2 Manage graphics extensions (HO)
)
Package epstopdf-base Info: Redefining graphics rule for `.eps' on input line 43
8.
Package grfext Info: Graphics extension search list:
(grfext)             [.png,.pdf,.jpg,.mps,.jpeg,.jbig2,.jb2,.PNG,.PDF,.JPG,.JPEG
,.JBIG2,.JB2,.eps]
(grfext)             \AppendGraphicsExtensions on input line 456.

(/usr/share/texmf-dist/tex/latex/latexconfig/epstopdf-sys.cfg
File: epstopdf-sys.cfg 2010/07/13 v1.3 Configuration of (r)epstopdf for TeX Live

))(compiling luc: /var/lib/texmf/luatex-cache/generic/fonts/otl/latinmodern-math
.luc)(load luc: /home/pece/.texlive/texmf-var/luatex-cache/generic/fonts/otl/lat
inmodern-math.luc)
\g__fontspec_family_latinmodern-math.otf_int=\count198
luaotfload | aux : font no 35 (<unknown>) does not define feature smcp for scrip
t math with language dflt
luaotfload | aux : no font with id 35
luaotfload | aux : font no 35 (<unknown>) does not define feature smcp for scrip
t math with language dflt
luaotfload | aux : no font with id 35
.................................................
. fontspec info: "defining-font"
. 
. Font family 'latinmodern-math.otf(0)' created for font
. 'latinmodern-math.otf' with options
. [Ligatures=TeX,Renderer=Basic,BoldItalicFont={},ItalicFont={},Script=Math,Size
Features={{Size=10-},{Size=7-10,Font=latinmodern-math.otf,Style=MathScript},{Siz
e=-7,Font=latinmodern-math.otf,Style=MathScriptScript}},BoldFont={latinmodern-ma
th.otf}].
. 
. This font family consists of the following NFSS series/shapes:
. - 'normal' (m/n) with NFSS spec.:
. <10->"[latinmodern-math]:mode=base;script=math;language=DFLT;+tlig;"<7-10>"[la
tinmodern-math]:mode=base;script=math;language=DFLT;+tlig;+ssty=0;"<-7>"[latinmo
dern-math]:mode=base;script=math;language=DFLT;+tlig;+ssty=1;"
. - 'small caps'  (m/sc) with NFSS spec.: - 'bold' (bx/n) with NFSS spec.:
. <->"[latinmodern-math]:mode=base;script=math;language=DFLT;+tlig;"
. - 'bold small caps'  (bx/sc) with NFSS spec.: 
.................................................
LaTeX Font Info:    Encoding `OT1' has changed to `EU2' for symbol font
(Font)              `operators' in the math version `normal' on input line 59.
LaTeX Font Info:    Overwriting symbol font `operators' in version `normal'
(Font)                  OT1/cmr/m/n --> EU2/latinmodern-math.otf(0)/m/n on input
 line 59.
LaTeX Font Info:    Encoding `OT1' has changed to `EU2' for symbol font
(Font)              `operators' in the math version `bold' on input line 59.
LaTeX Font Info:    Overwriting symbol font `operators' in version `bold'
(Font)                  OT1/cmr/bx/n --> EU2/latinmodern-math.otf(0)/bx/n on inp
ut line 59.
luaotfload | aux : font no 35 (<unknown>) does not define feature smcp for scrip
t math with language dflt
luaotfload | aux : no font with id 35
luaotfload | aux : font no 35 (<unknown>) does not define feature smcp for scrip
t math with language dflt
luaotfload | aux : no font with id 35
.................................................
. fontspec info: "defining-font"
. 
. Font family 'latinmodern-math.otf(1)' created for font
. 'latinmodern-math.otf' with options
. [Ligatures=TeX,Renderer=Basic,BoldItalicFont={},ItalicFont={},Script=Math,Size
Features={{Size=10-},{Size=7-10,Font=latinmodern-math.otf,Style=MathScript},{Siz
e=-7,Font=latinmodern-math.otf,Style=MathScriptScript}},BoldFont={latinmodern-ma
th.otf},Scale=1.00001,FontAdjustment={\fontdimen
. 8\font =443678.72sp\relax \fontdimen 9\font =258211.84sp\relax \fontdimen
. 10\font =290979.84sp\relax \fontdimen 11\font =449576.96sp\relax \fontdimen
. 12\font =226099.2sp\relax \fontdimen 13\font =237895.68sp\relax \fontdimen
. 14\font =237895.68sp\relax \fontdimen 15\font =189399.04sp\relax \fontdimen
. 16\font =161873.92sp\relax \fontdimen 17\font =0sp\relax \fontdimen 18\font
. =163840sp\relax \fontdimen 19\font =131072sp\relax \fontdimen 20\font
. =0pt\relax \fontdimen 21\font =0pt\relax \fontdimen 22\font =163840sp\relax
. }].
. 
. This font family consists of the following NFSS series/shapes:
. - 'normal' (m/n) with NFSS spec.:
. <10->s*[1.00001]"[latinmodern-math]:mode=base;script=math;language=DFLT;+tlig;
"<7-10>s*[1.00001]"[latinmodern-math]:mode=base;script=math;language=DFLT;+tlig;
+ssty=0;"<-7>s*[1.00001]"[latinmodern-math]:mode=base;script=math;language=DFLT;
+tlig;+ssty=1;"
. - 'small caps'  (m/sc) with NFSS spec.: 
. and font adjustment code:
. \fontdimen 8\font =443678.72sp\relax \fontdimen 9\font =258211.84sp\relax
. \fontdimen 10\font =290979.84sp\relax \fontdimen 11\font =449576.96sp\relax
. \fontdimen 12\font =226099.2sp\relax \fontdimen 13\font =237895.68sp\relax
. \fontdimen 14\font =237895.68sp\relax \fontdimen 15\font =189399.04sp\relax
. \fontdimen 16\font =161873.92sp\relax \fontdimen 17\font =0sp\relax
. \fontdimen 18\font =163840sp\relax \fontdimen 19\font =131072sp\relax
. \fontdimen 20\font =0pt\relax \fontdimen 21\font =0pt\relax \fontdimen
. 22\font =163840sp\relax - 'bold' (bx/n) with NFSS spec.:
. <->s*[1.00001]"[latinmodern-math]:mode=base;script=math;language=DFLT;+tlig;"
. - 'bold small caps'  (bx/sc) with NFSS spec.: 
. and font adjustment code:
. \fontdimen 8\font =443678.72sp\relax \fontdimen 9\font =258211.84sp\relax
. \fontdimen 10\font =290979.84sp\relax \fontdimen 11\font =449576.96sp\relax
. \fontdimen 12\font =226099.2sp\relax \fontdimen 13\font =237895.68sp\relax
. \fontdimen 14\font =237895.68sp\relax \fontdimen 15\font =189399.04sp\relax
. \fontdimen 16\font =161873.92sp\relax \fontdimen 17\font =0sp\relax
. \fontdimen 18\font =163840sp\relax \fontdimen 19\font =131072sp\relax
. \fontdimen 20\font =0pt\relax \fontdimen 21\font =0pt\relax \fontdimen
. 22\font =163840sp\relax 
.................................................
LaTeX Font Info:    Encoding `OMS' has changed to `EU2' for symbol font
(Font)              `symbols' in the math version `normal' on input line 59.
LaTeX Font Info:    Overwriting symbol font `symbols' in version `normal'
(Font)                  OMS/cmsy/m/n --> EU2/latinmodern-math.otf(1)/m/n on inpu
t line 59.
LaTeX Font Info:    Encoding `OMS' has changed to `EU2' for symbol font
(Font)              `symbols' in the math version `bold' on input line 59.
LaTeX Font Info:    Overwriting symbol font `symbols' in version `bold'
(Font)                  OMS/cmsy/b/n --> EU2/latinmodern-math.otf(1)/bx/n on inp
ut line 59.
luaotfload | aux : font no 35 (<unknown>) does not define feature smcp for scrip
t math with language dflt
luaotfload | aux : no font with id 35
luaotfload | aux : font no 35 (<unknown>) does not define feature smcp for scrip
t math with language dflt
luaotfload | aux : no font with id 35
.................................................
. fontspec info: "defining-font"
. 
. Font family 'latinmodern-math.otf(2)' created for font
. 'latinmodern-math.otf' with options
. [Ligatures=TeX,Renderer=Basic,BoldItalicFont={},ItalicFont={},Script=Math,Size
Features={{Size=10-},{Size=7-10,Font=latinmodern-math.otf,Style=MathScript},{Siz
e=-7,Font=latinmodern-math.otf,Style=MathScriptScript}},BoldFont={latinmodern-ma
th.otf},Scale=0.99999,FontAdjustment={\fontdimen
. 8\font =26214.4sp\relax \fontdimen 9\font =131072sp\relax \fontdimen 10\font
. =109445.12sp\relax \fontdimen 11\font =72744.96sp\relax \fontdimen 12\font
. =393216sp\relax \fontdimen 13\font =0pt\relax }].
. 
. This font family consists of the following NFSS series/shapes:
. - 'normal' (m/n) with NFSS spec.:
. <10->s*[0.99999]"[latinmodern-math]:mode=base;script=math;language=DFLT;+tlig;
"<7-10>s*[0.99999]"[latinmodern-math]:mode=base;script=math;language=DFLT;+tlig;
+ssty=0;"<-7>s*[0.99999]"[latinmodern-math]:mode=base;script=math;language=DFLT;
+tlig;+ssty=1;"
. - 'small caps'  (m/sc) with NFSS spec.: 
. and font adjustment code:
. \fontdimen 8\font =26214.4sp\relax \fontdimen 9\font =131072sp\relax
. \fontdimen 10\font =109445.12sp\relax \fontdimen 11\font =72744.96sp\relax
. \fontdimen 12\font =393216sp\relax \fontdimen 13\font =0pt\relax - 'bold'
. (bx/n) with NFSS spec.:
. <->s*[0.99999]"[latinmodern-math]:mode=base;script=math;language=DFLT;+tlig;"
. - 'bold small caps'  (bx/sc) with NFSS spec.: 
. and font adjustment code:
. \fontdimen 8\font =26214.4sp\relax \fontdimen 9\font =131072sp\relax
. \fontdimen 10\font =109445.12sp\relax \fontdimen 11\font =72744.96sp\relax
. \fontdimen 12\font =393216sp\relax \fontdimen 13\font =0pt\relax 
.................................................
LaTeX Font Info:    Encoding `OMX' has changed to `EU2' for symbol font
(Font)              `largesymbols' in the math version `normal' on input line 59
.
LaTeX Font Info:    Overwriting symbol font `largesymbols' in version `normal'
(Font)                  OMX/cmex/m/n --> EU2/latinmodern-math.otf(2)/m/n on inpu
t line 59.
LaTeX Font Info:    Encoding `OMX' has changed to `EU2' for symbol font
(Font)              `largesymbols' in the math version `bold' on input line 59.
LaTeX Font Info:    Overwriting symbol font `largesymbols' in version `bold'
(Font)                  OMX/cmex/m/n --> EU2/latinmodern-math.otf(2)/bx/n on inp
ut line 59.
 ABD: EveryShipout initializing macros
\c@lstlisting=\count199
\AtBeginShipoutBox=\box60
Package hyperref Info: Link coloring OFF on input line 59.

(/usr/share/texmf-dist/tex/latex/hyperref/nameref.sty
Package: nameref 2016/05/21 v2.44 Cross-referencing by name of section

(/usr/share/texmf-dist/tex/generic/oberdiek/gettitlestring.sty
Package: gettitlestring 2016/05/16 v1.5 Cleanup title references (HO)
)
\c@section@level=\count266
)
LaTeX Info: Redefining \ref on input line 59.
LaTeX Info: Redefining \pageref on input line 59.
LaTeX Info: Redefining \nameref on input line 59.
 (./main.out)
(./main.out)
\@outlinefile=\write4

\openout4 = main.out

Language french already loaded; id is 8
LaTeX Font Info:    Font shape `EU2/Consolas(0)/m/n' will be
(Font)              scaled to size 16.4539pt on input line 61.
LaTeX Font Info:    Font shape `EU2/latinmodern-math.otf(1)/m/n' will be
(Font)              scaled to size 12.00018pt on input line 61.
LaTeX Font Info:    Font shape `EU2/latinmodern-math.otf(1)/m/n' will be
(Font)              scaled to size 8.00012pt on input line 61.
LaTeX Font Info:    Font shape `EU2/latinmodern-math.otf(1)/m/n' will be
(Font)              scaled to size 6.00009pt on input line 61.
LaTeX Font Info:    Font shape `EU2/latinmodern-math.otf(2)/m/n' will be
(Font)              scaled to size 11.99982pt on input line 61.
LaTeX Font Info:    Font shape `EU2/latinmodern-math.otf(2)/m/n' will be
(Font)              scaled to size 7.99988pt on input line 61.
LaTeX Font Info:    Font shape `EU2/latinmodern-math.otf(2)/m/n' will be
(Font)              scaled to size 5.99991pt on input line 61.
LaTeX Font Info:    Try loading font information for U+msa on input line 61.

(/usr/share/texmf-dist/tex/latex/amsfonts/umsa.fd
File: umsa.fd 2013/01/14 v3.01 AMS symbols A
)
LaTeX Font Info:    Try loading font information for U+msb on input line 61.

(/usr/share/texmf-dist/tex/latex/amsfonts/umsb.fd
File: umsb.fd 2013/01/14 v3.01 AMS symbols B
)
LaTeX Font Info:    Try loading font information for U+stmry on input line 61.

(/usr/share/texmf-dist/tex/latex/stmaryrd/Ustmry.fd)
Overfull \hbox (2.14453pt too wide) in paragraph at lines 61--61
 [][] 
 []

LaTeX Font Info:    Font shape `EU2/Consolas(0)/m/n' will be
(Font)              scaled to size 9.52194pt on input line 65.
LaTeX Font Info:    Font shape `EU2/Consolas(0)/m/n' will be
(Font)              scaled to size 8.56975pt on input line 65.

Overfull \hbox (3.46835pt too wide) in paragraph at lines 65--71
\EU2/Cambria(0)/m/it/10 for-mat-ted\EU2/Cambria(0)/m/n/10 , ce qui si-gni-󰅩i
e qu’elle at-tend une chaı̂ne de crac-tère for-mat-tée: en termes
 []

LaTeX Font Info:    Font shape `EU2/Consolas(0)/bx/n' will be
(Font)              scaled to size 8.46854pt on input line 74.
LaTeX Font Info:    Font shape `EU2/Consolas(0)/m/it' will be
(Font)              scaled to size 8.56975pt on input line 88.
LaTeX Font Info:    Font shape `EU2/latinmodern-math.otf(1)/m/n' will be
(Font)              scaled to size 10.00015pt on input line 111.
LaTeX Font Info:    Font shape `EU2/latinmodern-math.otf(1)/m/n' will be
(Font)              scaled to size 7.0001pt on input line 111.
LaTeX Font Info:    Font shape `EU2/latinmodern-math.otf(1)/m/n' will be
(Font)              scaled to size 5.00008pt on input line 111.
LaTeX Font Info:    Font shape `EU2/latinmodern-math.otf(2)/m/n' will be
(Font)              scaled to size 9.99985pt on input line 111.
LaTeX Font Info:    Font shape `EU2/latinmodern-math.otf(2)/m/n' will be
(Font)              scaled to size 6.9999pt on input line 111.
LaTeX Font Info:    Font shape `EU2/latinmodern-math.otf(2)/m/n' will be
(Font)              scaled to size 4.99992pt on input line 111.
)
Runaway argument?
{\hline {\inlinec {unsigned short}} & 16 bits & de $0$ à $2^{16}-1$ \ETC.
! File ended while scanning use of \inlinec.
<inserted text> 
\par 
<*> \input main.tex
                
I suspect you have forgotten a `}', causing me
to read past where you wanted me to stop.
I'll try to recover; but if the error is serious,
you'd better type `E' or `X' now and fix your file.

! Emergency stop.
<*> \input main.tex
                
*** (job aborted, no legal \end found)



Here is how much of LuaTeX's memory you used:
 37834 strings out of 495118
 125171,953878 words of node,token memory allocated 58091 words of node memory still in use:
   1686 hlist, 3 vlist, 752 rule, 251 disc, 21 local_par, 3 dir, 8 math, 1377 gl
ue, 1489 kern, 81 penalty, 8 unset, 1669 glyph, 4 align_record, 1742 attribute, 
55 glue_spec, 872 attribute_list, 9 temp, 1 align_stack, 8 write, 15 pdf_dest, 1
83 pdf_colorstack nodes
   avail lists: 1:4,3:6,4:1,5:18,7:1,8:4,9:4,10:26
 39916 multiletter control sequences out of 65536+600000
 90 fonts using 33486951 bytes
 66i,14n,106p,958b,851s stack positions out of 5000i,500n,10000p,200000b,100000s
!  ==> Fatal error occurred, no output PDF file produced!
